<?xml version="1.0" encoding="utf-8"?><testsuites name="pytest tests"><testsuite name="pytest" errors="0" failures="0" skipped="0" tests="21" time="2.416" timestamp="2026-03-17T18:32:03.024781+00:00" hostname="agent-env-a55f1e4a-5a8b-4133-9aba-20f75d3a1420"><testcase classname="backend.tests.test_new_features_batch4.TestVacancyEndpoint" name="test_vacancy_returns_200" time="0.218" /><testcase classname="backend.tests.test_new_features_batch4.TestVacancyEndpoint" name="test_vacancy_has_upcoming_vacancies_key" time="0.067" /><testcase classname="backend.tests.test_new_features_batch4.TestVacancyEndpoint" name="test_vacancy_upcoming_within_90_days" time="0.066" /><testcase classname="backend.tests.test_new_features_batch4.TestVacancyEndpoint" name="test_vacancy_by_building_sorted_by_building_id" time="0.073" /><testcase classname="backend.tests.test_new_features_batch4.TestVacancyEndpoint" name="test_vacancy_has_by_building_and_by_unit_size" time="0.067" /><testcase classname="backend.tests.test_new_features_batch4.TestPropertyMarlinsdecal" name="test_create_property_with_marlins_decal_true" time="0.086" /><testcase classname="backend.tests.test_new_features_batch4.TestPropertyMarlinsdecal" name="test_get_property_preserves_marlins_decal_true" time="0.084" /><testcase classname="backend.tests.test_new_features_batch4.TestPropertyMarlinsdecal" name="test_create_property_with_marlins_decal_false" time="0.058" /><testcase classname="backend.tests.test_new_features_batch4.TestPropertyMarlinsdecal" name="test_update_property_marlins_decal_toggle" time="0.136" /><testcase classname="backend.tests.test_new_features_batch4.TestPropertyMarlinsdecal" name="test_properties_list_includes_marlins_decal_field" time="0.064" /><testcase classname="backend.tests.test_new_features_batch4.TestTenantMarlinsdecal" name="test_longterm_tenant_marlins_decal_saved" time="0.169" /><testcase classname="backend.tests.test_new_features_batch4.TestTenantMarlinsdecal" name="test_longterm_tenant_get_preserves_marlins_decal" time="0.103" /><testcase classname="backend.tests.test_new_features_batch4.TestTenantMarlinsdecal" name="test_airbnb_tenant_parking_saved" time="0.066" /><testcase classname="backend.tests.test_new_features_batch4.TestTenantMarlinsdecal" name="test_airbnb_tenant_marlins_decal_saved" time="0.000" /><testcase classname="backend.tests.test_new_features_batch4.TestTenantMarlinsdecal" name="test_update_tenant_marlins_decal_toggle" time="0.162" /><testcase classname="backend.tests.test_new_features_batch4.TestTenantMarlinsdecal" name="test_tenant_list_has_marlins_decal_field" time="0.216" /><testcase classname="backend.tests.test_new_features_batch4.TestCalendarEndpoint" name="test_calendar_returns_200" time="0.103" /><testcase classname="backend.tests.test_new_features_batch4.TestCalendarEndpoint" name="test_calendar_has_properties" time="0.089" /><testcase classname="backend.tests.test_new_features_batch4.TestCalendarEndpoint" name="test_calendar_timeline_returns_200" time="0.077" /><testcase classname="backend.tests.test_new_features_batch4.TestCalendarEndpoint" name="test_calendar_timeline_buildings_sorted_by_building_id" time="0.073" /><testcase classname="backend.tests.test_new_features_batch4.TestExistingMarlinsProp" name="test_existing_marlins_property_retrievable" time="0.348" /></testsuite></testsuites>