<?xml version="1.0" encoding="utf-8"?><testsuites name="pytest tests"><testsuite name="pytest" errors="0" failures="0" skipped="0" tests="17" time="4.845" timestamp="2026-03-17T19:08:08.354547+00:00" hostname="agent-env-a55f1e4a-5a8b-4133-9aba-20f75d3a1420"><testcase classname="backend.tests.test_batch5_decals_vacancy.TestVacancyBugFix" name="test_vacancy_endpoint_returns_200" time="0.242" /><testcase classname="backend.tests.test_batch5_decals_vacancy.TestVacancyBugFix" name="test_vacancy_has_upcoming_vacancies" time="0.076" /><testcase classname="backend.tests.test_batch5_decals_vacancy.TestVacancyBugFix" name="test_vacancy_bounded_gap_not_forward" time="0.385" /><testcase classname="backend.tests.test_batch5_decals_vacancy.TestVacancyBugFix" name="test_vacancy_forward_message_for_no_future_tenant" time="0.515" /><testcase classname="backend.tests.test_batch5_decals_vacancy.TestMarlinsDecalsAPI" name="test_get_marlins_decals_returns_200" time="0.084" /><testcase classname="backend.tests.test_batch5_decals_vacancy.TestMarlinsDecalsAPI" name="test_get_marlins_decals_returns_list" time="0.093" /><testcase classname="backend.tests.test_batch5_decals_vacancy.TestMarlinsDecalsAPI" name="test_get_marlins_decals_with_property_filter" time="0.088" /><testcase classname="backend.tests.test_batch5_decals_vacancy.TestMarlinsDecalsAPI" name="test_get_marlins_decals_has_d001" time="0.075" /><testcase classname="backend.tests.test_batch5_decals_vacancy.TestMarlinsDecalsAPI" name="test_get_marlins_decals_has_assigned_tenant_field" time="0.068" /><testcase classname="backend.tests.test_batch5_decals_vacancy.TestMarlinsDecalsAPI" name="test_post_marlins_decal_creates_decal" time="0.177" /><testcase classname="backend.tests.test_batch5_decals_vacancy.TestMarlinsDecalsAPI" name="test_post_marlins_decal_persists_in_get" time="0.255" /><testcase classname="backend.tests.test_batch5_decals_vacancy.TestMarlinsDecalsAPI" name="test_delete_marlins_decal" time="0.141" /><testcase classname="backend.tests.test_batch5_decals_vacancy.TestMarlinsDecalsAPI" name="test_delete_nonexistent_decal_returns_404" time="0.076" /><testcase classname="backend.tests.test_batch5_decals_vacancy.TestMarlinsDecalsAPI" name="test_delete_decal_clears_tenant_assignment" time="0.690" /><testcase classname="backend.tests.test_batch5_decals_vacancy.TestTenantMarlinsDealId" name="test_tenant_create_with_decal_id" time="0.391" /><testcase classname="backend.tests.test_batch5_decals_vacancy.TestTenantMarlinsDealId" name="test_tenant_update_decal_id" time="0.451" /><testcase classname="backend.tests.test_batch5_decals_vacancy.TestTenantMarlinsDealId" name="test_get_marlins_decals_shows_assigned_tenant_enrichment" time="0.953" /></testsuite></testsuites>