<?xml version="1.0" encoding="utf-8"?><testsuites name="pytest tests"><testsuite name="pytest" errors="0" failures="0" skipped="0" tests="24" time="5.196" timestamp="2026-03-31T19:37:00.954875+00:00" hostname="agent-env-26fd97e3-e25f-42a1-b9a3-3318ec85ffff"><testcase classname="backend.tests.test_listings_enhancements.TestDateRangeSearch" name="test_get_listings_without_date_filter" time="0.169" /><testcase classname="backend.tests.test_listings_enhancements.TestDateRangeSearch" name="test_get_listings_with_date_filter" time="0.106" /><testcase classname="backend.tests.test_listings_enhancements.TestDateRangeSearch" name="test_get_listings_with_only_start_date" time="0.182" /><testcase classname="backend.tests.test_listings_enhancements.TestSingleListingEndpoint" name="test_get_single_listing_valid_id" time="0.119" /><testcase classname="backend.tests.test_listings_enhancements.TestSingleListingEndpoint" name="test_get_single_listing_invalid_id" time="0.126" /><testcase classname="backend.tests.test_listings_enhancements.TestSingleListingEndpoint" name="test_get_single_listing_all_units" time="0.383" /><testcase classname="backend.tests.test_listings_enhancements.TestAvailabilityNavigation" name="test_availability_default_params" time="0.143" /><testcase classname="backend.tests.test_listings_enhancements.TestAvailabilityNavigation" name="test_availability_with_num_months_3" time="0.118" /><testcase classname="backend.tests.test_listings_enhancements.TestAvailabilityNavigation" name="test_availability_with_num_months_12" time="0.140" /><testcase classname="backend.tests.test_listings_enhancements.TestAvailabilityNavigation" name="test_availability_with_start_year_month" time="0.118" /><testcase classname="backend.tests.test_listings_enhancements.TestAvailabilityNavigation" name="test_availability_navigation_forward" time="0.278" /><testcase classname="backend.tests.test_listings_enhancements.TestAvailabilityNavigation" name="test_availability_navigation_backward" time="0.220" /><testcase classname="backend.tests.test_listings_enhancements.TestMultiMonthPricing" name="test_set_multiple_months_pricing" time="0.256" /><testcase classname="backend.tests.test_listings_enhancements.TestMultiMonthPricing" name="test_set_pricing_overwrites_existing" time="0.361" /><testcase classname="backend.tests.test_listings_enhancements.TestListingDetailsUpdate" name="test_update_listing_title_and_description" time="0.271" /><testcase classname="backend.tests.test_listings_enhancements.TestListingDetailsUpdate" name="test_update_listing_wrong_password" time="0.111" /><testcase classname="backend.tests.test_listings_enhancements.TestListingDetailsUpdate" name="test_update_listing_invalid_unit" time="0.104" /><testcase classname="backend.tests.test_listings_enhancements.TestListingDetailsUpdate" name="test_update_listing_partial_update" time="0.347" /><testcase classname="backend.tests.test_listings_enhancements.TestPhotoUploadAndDelete" name="test_photo_upload_wrong_password" time="0.116" /><testcase classname="backend.tests.test_listings_enhancements.TestPhotoUploadAndDelete" name="test_photo_upload_valid" time="0.254" /><testcase classname="backend.tests.test_listings_enhancements.TestPhotoUploadAndDelete" name="test_photo_delete_wrong_password" time="0.110" /><testcase classname="backend.tests.test_listings_enhancements.TestPhotoUploadAndDelete" name="test_photo_upload_and_delete_flow" time="0.644" /><testcase classname="backend.tests.test_listings_enhancements.TestPricingDelete" name="test_delete_pricing_valid" time="0.341" /><testcase classname="backend.tests.test_listings_enhancements.TestPricingDelete" name="test_delete_pricing_wrong_password" time="0.125" /></testsuite></testsuites>