<?xml version="1.0" encoding="utf-8"?><testsuites name="pytest tests"><testsuite name="pytest" errors="0" failures="0" skipped="0" tests="12" time="1.804" timestamp="2026-04-01T21:29:41.723310+00:00" hostname="agent-env-10c0a74b-29b0-4bf4-8fa8-194b49efd84d"><testcase classname="backend.tests.test_m2m_feature.TestM2MTenantCreation" name="test_create_tenant_with_m2m_enabled" time="0.334" /><testcase classname="backend.tests.test_m2m_feature.TestM2MTenantCreation" name="test_create_tenant_without_m2m" time="0.053" /><testcase classname="backend.tests.test_m2m_feature.TestM2MTenantCreation" name="test_create_airbnb_tenant_m2m_ignored" time="0.056" /><testcase classname="backend.tests.test_m2m_feature.TestM2MTenantUpdate" name="test_update_tenant_enable_m2m" time="0.185" /><testcase classname="backend.tests.test_m2m_feature.TestM2MTenantUpdate" name="test_update_tenant_disable_m2m" time="0.123" /><testcase classname="backend.tests.test_m2m_feature.TestExtendMonthEndpoint" name="test_extend_month_success" time="0.201" /><testcase classname="backend.tests.test_m2m_feature.TestExtendMonthEndpoint" name="test_extend_month_non_m2m_rejected" time="0.114" /><testcase classname="backend.tests.test_m2m_feature.TestExtendMonthEndpoint" name="test_extend_month_airbnb_rejected" time="0.102" /><testcase classname="backend.tests.test_m2m_feature.TestExtendMonthEndpoint" name="test_extend_month_not_found" time="0.051" /><testcase classname="backend.tests.test_m2m_feature.TestCalendarTimelineM2M" name="test_calendar_timeline_includes_m2m" time="0.052" /><testcase classname="backend.tests.test_m2m_feature.TestTenantsListM2M" name="test_tenants_list_includes_m2m" time="0.050" /><testcase classname="backend.tests.test_m2m_feature.TestCleanup" name="test_cleanup_test_tenants" time="0.412" /></testsuite></testsuites>