<?xml version="1.0" encoding="utf-8"?><testsuites name="pytest tests"><testsuite name="pytest" errors="0" failures="0" skipped="0" tests="24" time="2.546" timestamp="2026-03-17T17:51:56.668795+00:00" hostname="agent-env-a55f1e4a-5a8b-4133-9aba-20f75d3a1420"><testcase classname="backend.tests.test_maintenance.TestMaintenancePersonnel" name="test_get_maintenance_personnel_returns_200" time="0.305" /><testcase classname="backend.tests.test_maintenance.TestMaintenancePersonnel" name="test_get_maintenance_personnel_include_archived" time="0.058" /><testcase classname="backend.tests.test_maintenance.TestMaintenancePersonnel" name="test_create_maintenance_personnel" time="0.147" /><testcase classname="backend.tests.test_maintenance.TestMaintenancePersonnel" name="test_create_personnel_persists" time="0.141" /><testcase classname="backend.tests.test_maintenance.TestMaintenancePersonnel" name="test_update_maintenance_personnel" time="0.061" /><testcase classname="backend.tests.test_maintenance.TestMaintenancePersonnel" name="test_archive_maintenance_personnel" time="0.127" /><testcase classname="backend.tests.test_maintenance.TestMaintenancePersonnel" name="test_delete_maintenance_personnel_not_found" time="0.057" /><testcase classname="backend.tests.test_maintenance.TestMaintenancePersonnel" name="test_create_personnel_missing_name" time="0.055" /><testcase classname="backend.tests.test_maintenance.TestMaintenanceRequests" name="test_get_maintenance_requests_returns_200" time="0.055" /><testcase classname="backend.tests.test_maintenance.TestMaintenanceRequests" name="test_get_maintenance_requests_include_completed" time="0.065" /><testcase classname="backend.tests.test_maintenance.TestMaintenanceRequests" name="test_create_maintenance_request" time="0.109" /><testcase classname="backend.tests.test_maintenance.TestMaintenanceRequests" name="test_create_request_persists" time="0.104" /><testcase classname="backend.tests.test_maintenance.TestMaintenanceRequests" name="test_update_maintenance_request" time="0.053" /><testcase classname="backend.tests.test_maintenance.TestMaintenanceRequests" name="test_mark_request_completed" time="0.059" /><testcase classname="backend.tests.test_maintenance.TestMaintenanceRequests" name="test_completed_request_in_completed_list" time="0.064" /><testcase classname="backend.tests.test_maintenance.TestMaintenanceRequests" name="test_completed_request_excluded_by_default" time="0.064" /><testcase classname="backend.tests.test_maintenance.TestMaintenanceRequests" name="test_create_request_with_assigned_personnel" time="0.117" /><testcase classname="backend.tests.test_maintenance.TestMaintenanceRequests" name="test_delete_maintenance_request" time="0.193" /><testcase classname="backend.tests.test_maintenance.TestMaintenanceRequests" name="test_delete_request_not_found" time="0.060" /><testcase classname="backend.tests.test_maintenance.TestMaintenanceRequests" name="test_create_request_missing_title" time="0.051" /><testcase classname="backend.tests.test_maintenance.TestMaintenanceRequests" name="test_update_request_not_found" time="0.059" /><testcase classname="backend.tests.test_maintenance.TestCleaningRecordsMaintenance" name="test_get_cleaning_records_returns_200" time="0.066" /><testcase classname="backend.tests.test_maintenance.TestCleaningRecordsMaintenance" name="test_cleaning_record_has_maintenance_fields" time="0.055" /><testcase classname="backend.tests.test_maintenance.TestCleaningRecordsMaintenance" name="test_update_cleaning_record_with_maintenance" time="0.282" /></testsuite></testsuites>