<?xml version="1.0" encoding="utf-8"?><testsuites name="pytest tests"><testsuite name="pytest" errors="0" failures="0" skipped="0" tests="13" time="6.059" timestamp="2026-03-19T18:49:02.225245+00:00" hostname="agent-env-9d103152-4a81-454a-ae59-5d12210f7b89"><testcase classname="backend.tests.test_manual_cleanings.TestManualCleaningsCRUD" name="test_list_manual_cleanings_empty" time="0.254" /><testcase classname="backend.tests.test_manual_cleanings.TestManualCleaningsCRUD" name="test_get_units_for_testing" time="0.155" /><testcase classname="backend.tests.test_manual_cleanings.TestManualCleaningsCRUD" name="test_create_manual_cleaning_success" time="0.484" /><testcase classname="backend.tests.test_manual_cleanings.TestManualCleaningsCRUD" name="test_create_manual_cleaning_minimal" time="0.535" /><testcase classname="backend.tests.test_manual_cleanings.TestManualCleaningsCRUD" name="test_get_manual_cleaning_after_create" time="0.426" /><testcase classname="backend.tests.test_manual_cleanings.TestManualCleaningsCRUD" name="test_update_manual_cleaning_success" time="0.652" /><testcase classname="backend.tests.test_manual_cleanings.TestManualCleaningsCRUD" name="test_update_manual_cleaning_change_unit" time="0.472" /><testcase classname="backend.tests.test_manual_cleanings.TestManualCleaningsCRUD" name="test_delete_manual_cleaning_success" time="0.529" /><testcase classname="backend.tests.test_manual_cleanings.TestManualCleaningsCRUD" name="test_delete_manual_cleaning_not_found" time="0.118" /><testcase classname="backend.tests.test_manual_cleanings.TestManualCleaningsCRUD" name="test_update_manual_cleaning_not_found" time="0.114" /><testcase classname="backend.tests.test_manual_cleanings.TestManualCleaningsCRUD" name="test_regular_cleanings_not_affected_by_manual_delete" time="0.598" /><testcase classname="backend.tests.test_manual_cleanings.TestManualCleaningsEdgeCases" name="test_create_with_cleaner_and_maintenance" time="0.626" /><testcase classname="backend.tests.test_manual_cleanings.TestManualCleaningsEdgeCases" name="test_sorting_by_check_out_date" time="0.898" /></testsuite></testsuites>