<?xml version="1.0" encoding="utf-8"?><testsuites name="pytest tests"><testsuite name="pytest" errors="0" failures="1" skipped="0" tests="12" time="4.067" timestamp="2026-03-31T17:54:59.546325+00:00" hostname="agent-env-1192b9e4-8cad-4f2e-a93a-bad252e85199"><testcase classname="tests.test_parking.TestParkingSpots" name="test_get_parking_spots_empty_or_list" time="0.179" /><testcase classname="tests.test_parking.TestParkingSpots" name="test_create_designated_spot" time="0.269" /><testcase classname="tests.test_parking.TestParkingSpots" name="test_create_marlins_decal_spot" time="0.197" /><testcase classname="tests.test_parking.TestParkingSpots" name="test_update_parking_spot" time="0.250" /><testcase classname="tests.test_parking.TestParkingSpots" name="test_delete_parking_spot" time="0.209" /><testcase classname="tests.test_parking.TestParkingTimeline" name="test_get_parking_timeline" time="0.161" /><testcase classname="tests.test_parking.TestParkingAssignments" name="test_get_parking_assignments" time="0.295" /><testcase classname="tests.test_parking.TestParkingAssignments" name="test_create_parking_assignment" time="0.625" /><testcase classname="tests.test_parking.TestParkingAssignments" name="test_get_assignments_by_tenant_id" time="0.514" /><testcase classname="tests.test_parking.TestParkingAssignments" name="test_update_parking_assignment" time="0.520" /><testcase classname="tests.test_parking.TestParkingAssignments" name="test_delete_parking_assignment" time="0.452" /><testcase classname="tests.test_parking.TestTenantFormNoHasParking" name="test_tenant_schema_accepts_has_parking_but_not_required" time="0.254"><failure message="assert 400 == 200&#10; +  where 400 = &lt;Response [400]&gt;.status_code">tests/test_parking.py:396: in test_tenant_schema_accepts_has_parking_but_not_required
    assert response.status_code == 200
E   assert 400 == 200
E    +  where 400 = &lt;Response [400]&gt;.status_code</failure></testcase></testsuite></testsuites>