<?xml version="1.0" encoding="utf-8"?><testsuites name="pytest tests"><testsuite name="pytest" errors="0" failures="0" skipped="0" tests="8" time="1.155" timestamp="2026-04-01T14:46:32.036574+00:00" hostname="agent-env-2022fd62-cc41-40c7-a6b3-732b2d34a56d"><testcase classname="backend.tests.test_pin_hardcoded.TestPinVerification" name="test_verify_pin_shared_correct" time="0.178" /><testcase classname="backend.tests.test_pin_hardcoded.TestPinVerification" name="test_verify_pin_level_2_correct" time="0.106" /><testcase classname="backend.tests.test_pin_hardcoded.TestPinVerification" name="test_verify_pin_level_3_correct" time="0.132" /><testcase classname="backend.tests.test_pin_hardcoded.TestPinVerification" name="test_verify_pin_wrong" time="0.171" /><testcase classname="backend.tests.test_pin_hardcoded.TestPinVerification" name="test_verify_pin_1234_wrong" time="0.170" /><testcase classname="backend.tests.test_pin_hardcoded.TestPinVerification" name="test_verify_pin_empty" time="0.120" /><testcase classname="backend.tests.test_pin_hardcoded.TestPinStatus" name="test_get_pin_status" time="0.114" /><testcase classname="backend.tests.test_pin_hardcoded.TestPinSetEndpointRemoved" name="test_pins_set_endpoint_removed" time="0.113" /></testsuite></testsuites>