<?xml version="1.0" encoding="utf-8"?><testsuites name="pytest tests"><testsuite name="pytest" errors="0" failures="0" skipped="0" tests="14" time="2.358" timestamp="2026-04-01T14:58:30.035105+00:00" hostname="agent-env-2022fd62-cc41-40c7-a6b3-732b2d34a56d"><testcase classname="backend.tests.test_pin_management.TestPinStatus" name="test_pin_status_returns_all_fields" time="0.261" /><testcase classname="backend.tests.test_pin_management.TestPinVerify" name="test_verify_level_3_correct_pin" time="0.113" /><testcase classname="backend.tests.test_pin_management.TestPinVerify" name="test_verify_level_3_wrong_pin" time="0.131" /><testcase classname="backend.tests.test_pin_management.TestPinVerify" name="test_verify_shared_correct_pin" time="0.107" /><testcase classname="backend.tests.test_pin_management.TestPinVerify" name="test_verify_shared_wrong_pin" time="0.130" /><testcase classname="backend.tests.test_pin_management.TestPinVerify" name="test_verify_level_1_stored_pin" time="0.213" /><testcase classname="backend.tests.test_pin_management.TestPinVerify" name="test_verify_level_1_wrong_pin" time="0.110" /><testcase classname="backend.tests.test_pin_management.TestPinVerify" name="test_verify_level_2_stored_pin" time="0.228" /><testcase classname="backend.tests.test_pin_management.TestPinSet" name="test_set_level_1_with_correct_admin_pin" time="0.109" /><testcase classname="backend.tests.test_pin_management.TestPinSet" name="test_set_level_2_with_correct_admin_pin" time="0.113" /><testcase classname="backend.tests.test_pin_management.TestPinSet" name="test_set_pin_with_wrong_admin_pin" time="0.108" /><testcase classname="backend.tests.test_pin_management.TestPinSet" name="test_set_level_3_rejected" time="0.103" /><testcase classname="backend.tests.test_pin_management.TestPinSet" name="test_set_shared_rejected" time="0.115" /><testcase classname="backend.tests.test_pin_management.TestPinPersistence" name="test_pin_change_persists" time="0.451" /></testsuite></testsuites>