<?xml version="1.0" encoding="utf-8"?><testsuites name="pytest tests"><testsuite name="pytest" errors="0" failures="0" skipped="0" tests="12" time="2.331" timestamp="2026-03-31T19:13:37.372863+00:00" hostname="agent-env-26fd97e3-e25f-42a1-b9a3-3318ec85ffff"><testcase classname="backend.tests.test_public_listings.TestPasswordVerification" name="test_verify_correct_password" time="0.209" /><testcase classname="backend.tests.test_public_listings.TestPasswordVerification" name="test_verify_wrong_password" time="0.126" /><testcase classname="backend.tests.test_public_listings.TestPasswordVerification" name="test_verify_empty_password" time="0.125" /><testcase classname="backend.tests.test_public_listings.TestPublicListings" name="test_get_public_listings" time="0.158" /><testcase classname="backend.tests.test_public_listings.TestPublicListings" name="test_listings_have_pricing_info" time="0.133" /><testcase classname="backend.tests.test_public_listings.TestListingAvailability" name="test_get_availability_valid_unit" time="0.244" /><testcase classname="backend.tests.test_public_listings.TestListingAvailability" name="test_get_availability_invalid_unit" time="0.114" /><testcase classname="backend.tests.test_public_listings.TestAdminPricing" name="test_save_pricing_with_correct_password" time="0.411" /><testcase classname="backend.tests.test_public_listings.TestAdminPricing" name="test_save_pricing_with_wrong_password" time="0.242" /><testcase classname="backend.tests.test_public_listings.TestAdminPricing" name="test_save_pricing_missing_unit_id" time="0.122" /><testcase classname="backend.tests.test_public_listings.TestAdminPricing" name="test_save_pricing_missing_entries" time="0.223" /><testcase classname="backend.tests.test_public_listings.TestAdminPricing" name="test_get_all_pricing" time="0.111" /></testsuite></testsuites>