<?xml version="1.0" encoding="utf-8"?><testsuites name="pytest tests"><testsuite name="pytest" errors="0" failures="0" skipped="0" tests="18" time="6.785" timestamp="2026-03-11T19:42:21.214120+00:00" hostname="agent-env-5fa7f6bc-ff7f-4a9a-8c7d-af3d0f91bd81"><testcase classname="backend.tests.test_notifications_features.TestNotificationsNewFeatures" name="test_get_notifications_list" time="0.259" /><testcase classname="backend.tests.test_notifications_features.TestNotificationsNewFeatures" name="test_get_notifications_filter_by_status" time="0.271" /><testcase classname="backend.tests.test_notifications_features.TestNotificationsNewFeatures" name="test_get_notifications_filter_by_priority" time="0.252" /><testcase classname="backend.tests.test_notifications_features.TestNotificationsNewFeatures" name="test_get_notifications_filter_by_category" time="0.286" /><testcase classname="backend.tests.test_notifications_features.TestNotificationsNewFeatures" name="test_create_notification_with_all_new_fields" time="0.181" /><testcase classname="backend.tests.test_notifications_features.TestNotificationsNewFeatures" name="test_snooze_notification" time="0.265" /><testcase classname="backend.tests.test_notifications_features.TestNotificationsNewFeatures" name="test_snooze_notification_invalid_id" time="0.167" /><testcase classname="backend.tests.test_notifications_features.TestNotificationsNewFeatures" name="test_duplicate_notification" time="0.291" /><testcase classname="backend.tests.test_notifications_features.TestNotificationsNewFeatures" name="test_duplicate_notification_invalid_id" time="0.135" /><testcase classname="backend.tests.test_notifications_features.TestNotificationsNewFeatures" name="test_bulk_action_mark_done" time="0.575" /><testcase classname="backend.tests.test_notifications_features.TestNotificationsNewFeatures" name="test_bulk_action_archive" time="0.266" /><testcase classname="backend.tests.test_notifications_features.TestNotificationsNewFeatures" name="test_bulk_action_delete" time="0.363" /><testcase classname="backend.tests.test_notifications_features.TestNotificationsNewFeatures" name="test_bulk_action_empty_ids" time="0.141" /><testcase classname="backend.tests.test_notifications_features.TestNotificationsNewFeatures" name="test_bulk_action_invalid_action" time="0.288" /><testcase classname="backend.tests.test_notifications_features.TestNotificationsNewFeatures" name="test_update_notification_status" time="0.492" /><testcase classname="backend.tests.test_notifications_features.TestNotificationsNewFeatures" name="test_update_notification_status_invalid" time="0.379" /><testcase classname="backend.tests.test_notifications_features.TestNotificationsNewFeatures" name="test_priority_values" time="0.744" /><testcase classname="backend.tests.test_notifications_features.TestNotificationsNewFeatures" name="test_category_values" time="1.298" /></testsuite></testsuites>