<?xml version="1.0" encoding="utf-8"?><testsuites name="pytest tests"><testsuite name="pytest" errors="0" failures="1" skipped="0" tests="16" time="2.643" timestamp="2026-03-12T20:25:52.069429+00:00" hostname="agent-env-547925d6-2d52-4306-b3a1-9cc615b2bbb8"><testcase classname="tests.test_batch2_features.TestDepositsEndpoints" name="test_get_current_deposits" time="0.154" /><testcase classname="tests.test_batch2_features.TestDepositsEndpoints" name="test_get_past_deposits" time="0.121" /><testcase classname="tests.test_batch2_features.TestDepositsEndpoints" name="test_get_landlord_deposits" time="0.114" /><testcase classname="tests.test_batch2_features.TestTenantUpdate" name="test_get_tenants" time="0.153" /><testcase classname="tests.test_batch2_features.TestTenantUpdate" name="test_tenant_has_deposit_fields" time="0.138" /><testcase classname="tests.test_batch2_features.TestTenantUpdate" name="test_tenant_has_parking_field" time="0.174"><failure message="AssertionError: assert ('has_parking' in {'created_at': '2026-03-02T19:22:58.445411+00:00', 'deposit_amount': None, 'deposit_date': None, 'email': 'ahe', ...} or None is not None or None == False)&#10; +  where None = &lt;built-in method get of dict object at 0xff6e2b4acf40&gt;('has_parking')&#10; +    where &lt;built-in method get of dict object at 0xff6e2b4acf40&gt; = {'created_at': '2026-03-02T19:22:58.445411+00:00', 'deposit_amount': None, 'deposit_date': None, 'email': 'ahe', ...}.get&#10; +  and   None = &lt;built-in method get of dict object at 0xff6e2b4acf40&gt;('has_parking')&#10; +    where &lt;built-in method get of dict object at 0xff6e2b4acf40&gt; = {'created_at': '2026-03-02T19:22:58.445411+00:00', 'deposit_amount': None, 'deposit_date': None, 'email': 'ahe', ...}.get">tests/test_batch2_features.py:110: in test_tenant_has_parking_field
    assert 'has_parking' in first_tenant or first_tenant.get('has_parking') is not None or first_tenant.get('has_parking') == False
E   AssertionError: assert ('has_parking' in {'created_at': '2026-03-02T19:22:58.445411+00:00', 'deposit_amount': None, 'deposit_date': None, 'email': 'ahe', ...} or None is not None or None == False)
E    +  where None = &lt;built-in method get of dict object at 0xff6e2b4acf40&gt;('has_parking')
E    +    where &lt;built-in method get of dict object at 0xff6e2b4acf40&gt; = {'created_at': '2026-03-02T19:22:58.445411+00:00', 'deposit_amount': None, 'deposit_date': None, 'email': 'ahe', ...}.get
E    +  and   None = &lt;built-in method get of dict object at 0xff6e2b4acf40&gt;('has_parking')
E    +    where &lt;built-in method get of dict object at 0xff6e2b4acf40&gt; = {'created_at': '2026-03-02T19:22:58.445411+00:00', 'deposit_amount': None, 'deposit_date': None, 'email': 'ahe', ...}.get</failure></testcase><testcase classname="tests.test_batch2_features.TestTenantCreateWithParking" name="test_get_units_for_tenant_creation" time="0.120" /><testcase classname="tests.test_batch2_features.TestTenantCreateWithParking" name="test_create_tenant_with_has_parking" time="0.375" /><testcase classname="tests.test_batch2_features.TestLandlordDepositUpdate" name="test_update_landlord_deposit" time="0.355" /><testcase classname="tests.test_batch2_features.TestCalendarTimeline" name="test_calendar_timeline_returns_data" time="0.106" /><testcase classname="tests.test_batch2_features.TestVacancyEndpoint" name="test_vacancy_returns_upcoming_vacancies" time="0.113" /><testcase classname="tests.test_batch2_features.TestIncomeMonthlyAverage" name="test_income_returns_monthly_data" time="0.136" /><testcase classname="tests.test_batch2_features.TestParkingEndpoints" name="test_get_parking_spots" time="0.111" /><testcase classname="tests.test_batch2_features.TestParkingEndpoints" name="test_get_parking_assignments" time="0.117" /><testcase classname="tests.test_batch2_features.TestParkingEndpoints" name="test_get_units_for_parking_filter" time="0.136" /><testcase classname="tests.test_batch2_features.TestProperties" name="test_get_properties" time="0.152" /></testsuite></testsuites>