<?xml version="1.0" encoding="utf-8"?><testsuites name="pytest tests"><testsuite name="pytest" errors="0" failures="0" skipped="0" tests="28" time="3.933" timestamp="2026-03-12T21:37:14.046959+00:00" hostname="agent-env-03dea16c-339a-4e15-854e-715f64d2dac0"><testcase classname="backend.tests.test_refactoring_verification.TestCoreEndpointsAfterRefactor" name="test_get_properties_returns_200" time="0.259" /><testcase classname="backend.tests.test_refactoring_verification.TestCoreEndpointsAfterRefactor" name="test_get_properties_returns_list" time="0.148" /><testcase classname="backend.tests.test_refactoring_verification.TestCoreEndpointsAfterRefactor" name="test_get_properties_items_have_id" time="0.170" /><testcase classname="backend.tests.test_refactoring_verification.TestCoreEndpointsAfterRefactor" name="test_get_tenants_returns_200" time="0.117" /><testcase classname="backend.tests.test_refactoring_verification.TestCoreEndpointsAfterRefactor" name="test_get_tenants_returns_list" time="0.113" /><testcase classname="backend.tests.test_refactoring_verification.TestCoreEndpointsAfterRefactor" name="test_get_tenants_items_have_id" time="0.144" /><testcase classname="backend.tests.test_refactoring_verification.TestCoreEndpointsAfterRefactor" name="test_get_tenants_pending_moveouts_returns_200" time="0.137" /><testcase classname="backend.tests.test_refactoring_verification.TestCoreEndpointsAfterRefactor" name="test_get_notifications_returns_200" time="0.132" /><testcase classname="backend.tests.test_refactoring_verification.TestCoreEndpointsAfterRefactor" name="test_get_notifications_returns_list" time="0.133" /><testcase classname="backend.tests.test_refactoring_verification.TestCoreEndpointsAfterRefactor" name="test_get_income_returns_200" time="0.105" /><testcase classname="backend.tests.test_refactoring_verification.TestCoreEndpointsAfterRefactor" name="test_get_income_has_yearly_total" time="0.122" /><testcase classname="backend.tests.test_refactoring_verification.TestCoreEndpointsAfterRefactor" name="test_get_income_has_months" time="0.115" /><testcase classname="backend.tests.test_refactoring_verification.TestCoreEndpointsAfterRefactor" name="test_get_income_with_year_param" time="0.118" /><testcase classname="backend.tests.test_refactoring_verification.TestCoreEndpointsAfterRefactor" name="test_get_deposits_current_returns_200" time="0.116" /><testcase classname="backend.tests.test_refactoring_verification.TestCoreEndpointsAfterRefactor" name="test_get_deposits_current_has_deposits_key" time="0.121" /><testcase classname="backend.tests.test_refactoring_verification.TestCoreEndpointsAfterRefactor" name="test_get_deposits_past_returns_200" time="0.126" /><testcase classname="backend.tests.test_refactoring_verification.TestCoreEndpointsAfterRefactor" name="test_get_deposits_past_has_deposits_key" time="0.133" /><testcase classname="backend.tests.test_refactoring_verification.TestCoreEndpointsAfterRefactor" name="test_get_rent_tracking_returns_200" time="0.153" /><testcase classname="backend.tests.test_refactoring_verification.TestCoreEndpointsAfterRefactor" name="test_get_rent_tracking_has_tenants" time="0.122" /><testcase classname="backend.tests.test_refactoring_verification.TestCoreEndpointsAfterRefactor" name="test_get_vacancy_returns_200" time="0.142" /><testcase classname="backend.tests.test_refactoring_verification.TestCoreEndpointsAfterRefactor" name="test_get_vacancy_has_by_building" time="0.128" /><testcase classname="backend.tests.test_refactoring_verification.TestCoreEndpointsAfterRefactor" name="test_get_vacancy_has_upcoming_vacancies" time="0.108" /><testcase classname="backend.tests.test_refactoring_verification.TestCoreEndpointsAfterRefactor" name="test_get_calendar_timeline_returns_200" time="0.118" /><testcase classname="backend.tests.test_refactoring_verification.TestCoreEndpointsAfterRefactor" name="test_get_calendar_timeline_has_properties" time="0.140" /><testcase classname="backend.tests.test_refactoring_verification.TestCoreEndpointsAfterRefactor" name="test_get_calendar_timeline_has_range_dates" time="0.142" /><testcase classname="backend.tests.test_refactoring_verification.TestCoreEndpointsAfterRefactor" name="test_get_misc_charges_returns_200" time="0.105" /><testcase classname="backend.tests.test_refactoring_verification.TestCoreEndpointsAfterRefactor" name="test_get_units_returns_200" time="0.120" /><testcase classname="backend.tests.test_refactoring_verification.TestCoreEndpointsAfterRefactor" name="test_get_landlord_deposits_returns_200" time="0.135" /></testsuite></testsuites>