<?xml version="1.0" encoding="utf-8"?><testsuites name="pytest tests"><testsuite name="pytest" errors="0" failures="0" skipped="2" tests="16" time="4.377" timestamp="2026-03-12T18:51:50.660612+00:00" hostname="agent-env-547925d6-2d52-4306-b3a1-9cc615b2bbb8"><testcase classname="backend.tests.test_major_update_batch.TestDepositsEndpoints" name="test_get_current_deposits" time="0.218" /><testcase classname="backend.tests.test_major_update_batch.TestDepositsEndpoints" name="test_get_past_deposits" time="0.188" /><testcase classname="backend.tests.test_major_update_batch.TestDepositsEndpoints" name="test_get_landlord_deposits" time="0.125" /><testcase classname="backend.tests.test_major_update_batch.TestLandlordDepositUpdate" name="test_update_landlord_deposit" time="0.364" /><testcase classname="backend.tests.test_major_update_batch.TestDepositReturn" name="test_return_deposit_flow" time="0.632" /><testcase classname="backend.tests.test_major_update_batch.TestMiscCharges" name="test_misc_charges_crud" time="0.917" /><testcase classname="backend.tests.test_major_update_batch.TestRentTracking" name="test_get_rent_tracking" time="0.144" /><testcase classname="backend.tests.test_major_update_batch.TestRentTracking" name="test_update_rent_payment" time="0.537" /><testcase classname="backend.tests.test_major_update_batch.TestNotificationChecklist" name="test_update_checklist_item" time="0.118"><skipped type="pytest.skip" message="No checklist notifications available">/app/backend/tests/test_major_update_batch.py:283: No checklist notifications available</skipped></testcase><testcase classname="backend.tests.test_major_update_batch.TestNotificationChecklist" name="test_delete_blocked_if_checklist_incomplete" time="0.143"><skipped type="pytest.skip" message="No incomplete checklist notifications available">/app/backend/tests/test_major_update_batch.py:310: No incomplete checklist notifications available</skipped></testcase><testcase classname="backend.tests.test_major_update_batch.TestIncomeWithMiscCharges" name="test_income_includes_misc_charges" time="0.124" /><testcase classname="backend.tests.test_major_update_batch.TestBasicEndpoints" name="test_api_health" time="0.126" /><testcase classname="backend.tests.test_major_update_batch.TestBasicEndpoints" name="test_properties_endpoint" time="0.137" /><testcase classname="backend.tests.test_major_update_batch.TestBasicEndpoints" name="test_units_endpoint" time="0.115" /><testcase classname="backend.tests.test_major_update_batch.TestBasicEndpoints" name="test_tenants_endpoint" time="0.122" /><testcase classname="backend.tests.test_major_update_batch.TestBasicEndpoints" name="test_notifications_endpoint" time="0.156" /></testsuite></testsuites>