<?xml version="1.0" encoding="utf-8"?><testsuites name="pytest tests"><testsuite name="pytest" errors="0" failures="0" skipped="0" tests="21" time="2.422" timestamp="2026-03-11T20:38:40.993859+00:00" hostname="agent-env-547925d6-2d52-4306-b3a1-9cc615b2bbb8"><testcase classname="backend.tests.test_operations_v2.TestMoveInsOutsEndpoint" name="test_endpoint_returns_200" time="0.362" /><testcase classname="backend.tests.test_operations_v2.TestMoveInsOutsEndpoint" name="test_returns_list" time="0.129" /><testcase classname="backend.tests.test_operations_v2.TestMoveInsOutsEndpoint" name="test_items_have_enriched_fields" time="0.098" /><testcase classname="backend.tests.test_operations_v2.TestMoveInsOutsEndpoint" name="test_frontend_can_filter_move_ins" time="0.077" /><testcase classname="backend.tests.test_operations_v2.TestMoveInsOutsEndpoint" name="test_frontend_can_filter_move_outs" time="0.066" /><testcase classname="backend.tests.test_operations_v2.TestCleaningRecordsEndpoint" name="test_endpoint_returns_200" time="0.079" /><testcase classname="backend.tests.test_operations_v2.TestCleaningRecordsEndpoint" name="test_returns_list" time="0.088" /><testcase classname="backend.tests.test_operations_v2.TestCleaningRecordsEndpoint" name="test_records_have_next_checkin_fields" time="0.101" /><testcase classname="backend.tests.test_operations_v2.TestCleaningRecordsEndpoint" name="test_records_have_required_fields" time="0.098" /><testcase classname="backend.tests.test_operations_v2.TestCleaningRecordsEndpoint" name="test_days_parameter" time="0.182" /><testcase classname="backend.tests.test_operations_v2.TestCleaningRecordUpdate" name="test_update_cleaning_record" time="0.222" /><testcase classname="backend.tests.test_operations_v2.TestHousekeepersEndpoint" name="test_endpoint_returns_200" time="0.061" /><testcase classname="backend.tests.test_operations_v2.TestHousekeepersEndpoint" name="test_returns_list" time="0.091" /><testcase classname="backend.tests.test_operations_v2.TestHousekeepersEndpoint" name="test_include_archived_param" time="0.076" /><testcase classname="backend.tests.test_operations_v2.TestHousekeepingLeadsEndpoint" name="test_endpoint_returns_200" time="0.067" /><testcase classname="backend.tests.test_operations_v2.TestHousekeepingLeadsEndpoint" name="test_returns_list" time="0.069" /><testcase classname="backend.tests.test_operations_v2.TestSmokeTestMainSections" name="test_properties_endpoint" time="0.110" /><testcase classname="backend.tests.test_operations_v2.TestSmokeTestMainSections" name="test_units_endpoint" time="0.068" /><testcase classname="backend.tests.test_operations_v2.TestSmokeTestMainSections" name="test_tenants_endpoint" time="0.078" /><testcase classname="backend.tests.test_operations_v2.TestSmokeTestMainSections" name="test_notifications_endpoint" time="0.121" /><testcase classname="backend.tests.test_operations_v2.TestSmokeTestMainSections" name="test_leads_endpoint" time="0.066" /></testsuite></testsuites>