<?xml version="1.0" encoding="utf-8"?><testsuites name="pytest tests"><testsuite name="pytest" errors="0" failures="0" skipped="0" tests="42" time="7.140" timestamp="2026-03-10T20:26:11.504914+00:00" hostname="agent-env-5fa7f6bc-ff7f-4a9a-8c7d-af3d0f91bd81"><testcase classname="backend.tests.test_info_menu_features.TestParkingSpots" name="test_list_parking_spots" time="0.306" /><testcase classname="backend.tests.test_info_menu_features.TestParkingSpots" name="test_create_designated_parking_spot" time="0.250" /><testcase classname="backend.tests.test_info_menu_features.TestParkingSpots" name="test_create_marlins_decal" time="0.135" /><testcase classname="backend.tests.test_info_menu_features.TestParkingSpots" name="test_update_parking_spot" time="0.224" /><testcase classname="backend.tests.test_info_menu_features.TestParkingSpots" name="test_delete_parking_spot" time="0.196" /><testcase classname="backend.tests.test_info_menu_features.TestParkingAssignments" name="test_list_parking_assignments" time="0.068" /><testcase classname="backend.tests.test_info_menu_features.TestParkingAssignments" name="test_create_parking_assignment" time="0.501" /><testcase classname="backend.tests.test_info_menu_features.TestParkingAssignments" name="test_parking_assignment_not_found" time="0.087" /><testcase classname="backend.tests.test_info_menu_features.TestDoorCodes" name="test_list_door_codes" time="0.094" /><testcase classname="backend.tests.test_info_menu_features.TestDoorCodes" name="test_create_door_code" time="0.255" /><testcase classname="backend.tests.test_info_menu_features.TestDoorCodes" name="test_update_door_code_upsert" time="0.239" /><testcase classname="backend.tests.test_info_menu_features.TestLoginAccounts" name="test_list_login_accounts" time="0.091" /><testcase classname="backend.tests.test_info_menu_features.TestLoginAccounts" name="test_create_login_account_level_1" time="0.165" /><testcase classname="backend.tests.test_info_menu_features.TestLoginAccounts" name="test_create_login_account_level_2" time="0.160" /><testcase classname="backend.tests.test_info_menu_features.TestLoginAccounts" name="test_create_login_account_level_3" time="0.132" /><testcase classname="backend.tests.test_info_menu_features.TestLoginAccounts" name="test_update_login_account" time="0.278" /><testcase classname="backend.tests.test_info_menu_features.TestLoginAccounts" name="test_delete_login_account" time="0.134" /><testcase classname="backend.tests.test_info_menu_features.TestMarketingLinks" name="test_list_marketing_links" time="0.071" /><testcase classname="backend.tests.test_info_menu_features.TestMarketingLinks" name="test_create_marketing_link" time="0.196" /><testcase classname="backend.tests.test_info_menu_features.TestMarketingLinks" name="test_upsert_marketing_link" time="0.218" /><testcase classname="backend.tests.test_info_menu_features.TestPinManagement" name="test_get_pin_status" time="0.107" /><testcase classname="backend.tests.test_info_menu_features.TestPinManagement" name="test_set_shared_pin" time="0.083" /><testcase classname="backend.tests.test_info_menu_features.TestPinManagement" name="test_verify_shared_pin_valid" time="0.143" /><testcase classname="backend.tests.test_info_menu_features.TestPinManagement" name="test_verify_shared_pin_invalid" time="0.132" /><testcase classname="backend.tests.test_info_menu_features.TestPinManagement" name="test_set_level_2_pin" time="0.073" /><testcase classname="backend.tests.test_info_menu_features.TestPinManagement" name="test_set_level_3_pin" time="0.066" /><testcase classname="backend.tests.test_info_menu_features.TestTeamMembers" name="test_list_team_members" time="0.071" /><testcase classname="backend.tests.test_info_menu_features.TestTeamMembers" name="test_create_team_member" time="0.203" /><testcase classname="backend.tests.test_info_menu_features.TestTeamMembers" name="test_update_team_member" time="0.233" /><testcase classname="backend.tests.test_info_menu_features.TestTeamMembers" name="test_delete_team_member" time="0.136" /><testcase classname="backend.tests.test_info_menu_features.TestNotifications" name="test_list_notifications" time="0.072" /><testcase classname="backend.tests.test_info_menu_features.TestNotifications" name="test_filter_notifications_by_status" time="0.081" /><testcase classname="backend.tests.test_info_menu_features.TestNotifications" name="test_create_manual_notification" time="0.173" /><testcase classname="backend.tests.test_info_menu_features.TestNotifications" name="test_update_notification" time="0.194" /><testcase classname="backend.tests.test_info_menu_features.TestNotifications" name="test_update_notification_status" time="0.350" /><testcase classname="backend.tests.test_info_menu_features.TestNotifications" name="test_update_notification_status_invalid" time="0.216" /><testcase classname="backend.tests.test_info_menu_features.TestNotifications" name="test_delete_notification" time="0.193" /><testcase classname="backend.tests.test_info_menu_features.TestExistingEndpointsStillWork" name="test_dashboard" time="0.070" /><testcase classname="backend.tests.test_info_menu_features.TestExistingEndpointsStillWork" name="test_properties" time="0.082" /><testcase classname="backend.tests.test_info_menu_features.TestExistingEndpointsStillWork" name="test_units" time="0.070" /><testcase classname="backend.tests.test_info_menu_features.TestExistingEndpointsStillWork" name="test_tenants" time="0.067" /><testcase classname="backend.tests.test_info_menu_features.TestExistingEndpointsStillWork" name="test_leads" time="0.296" /></testsuite></testsuites>