<?xml version="1.0" encoding="utf-8"?><testsuites name="pytest tests"><testsuite name="pytest" errors="0" failures="0" skipped="1" tests="19" time="3.482" timestamp="2026-03-11T20:16:27.649091+00:00" hostname="agent-env-5fa7f6bc-ff7f-4a9a-8c7d-af3d0f91bd81"><testcase classname="backend.tests.test_operations_features.TestMoveInsOuts" name="test_get_move_ins_outs_returns_list" time="0.198" /><testcase classname="backend.tests.test_operations_features.TestMoveInsOuts" name="test_move_ins_outs_contains_enriched_data" time="0.059" /><testcase classname="backend.tests.test_operations_features.TestHousekeepers" name="test_list_housekeepers" time="0.054" /><testcase classname="backend.tests.test_operations_features.TestHousekeepers" name="test_list_housekeepers_with_archived" time="0.058" /><testcase classname="backend.tests.test_operations_features.TestHousekeepers" name="test_create_housekeeper" time="0.064" /><testcase classname="backend.tests.test_operations_features.TestHousekeepers" name="test_update_housekeeper" time="0.137" /><testcase classname="backend.tests.test_operations_features.TestHousekeepers" name="test_archive_housekeeper" time="0.194" /><testcase classname="backend.tests.test_operations_features.TestHousekeepers" name="test_delete_housekeeper" time="0.149" /><testcase classname="backend.tests.test_operations_features.TestHousekeepingLeads" name="test_list_housekeeping_leads" time="0.050" /><testcase classname="backend.tests.test_operations_features.TestHousekeepingLeads" name="test_list_housekeeping_leads_with_archived" time="0.059" /><testcase classname="backend.tests.test_operations_features.TestHousekeepingLeads" name="test_create_housekeeping_lead" time="0.061" /><testcase classname="backend.tests.test_operations_features.TestHousekeepingLeads" name="test_update_housekeeping_lead" time="0.073" /><testcase classname="backend.tests.test_operations_features.TestHousekeepingLeads" name="test_archive_housekeeping_lead" time="0.120" /><testcase classname="backend.tests.test_operations_features.TestHousekeepingLeads" name="test_delete_housekeeping_lead" time="0.143" /><testcase classname="backend.tests.test_operations_features.TestCleaningRecords" name="test_list_cleaning_records" time="0.059" /><testcase classname="backend.tests.test_operations_features.TestCleaningRecords" name="test_cleaning_records_with_days_param" time="0.055" /><testcase classname="backend.tests.test_operations_features.TestAutoNotifications" name="test_create_tenant_creates_housekeeping_notifications" time="0.525"><skipped type="pytest.skip" message="No property/unit available for test">/app/backend/tests/test_operations_features.py:314: No property/unit available for test</skipped></testcase><testcase classname="backend.tests.test_operations_features.TestMoveNotifications" name="test_create_move_in_notification" time="0.723" /><testcase classname="backend.tests.test_operations_features.TestMoveNotifications" name="test_create_move_out_notification" time="0.614" /></testsuite></testsuites>